2019-03-11 14:00:09,174 - Common.py[line:34] - INFO: 失败原因：
2019-03-11 14:00:09,190 - Common.py[line:35] - INFO: [Errno 2] No such file or directory: 'E:/python/LDA_model/Data/test.xlx'
2019-03-11 19:05:28,349 - Common.py[line:78] - INFO: 失败原因：
2019-03-11 19:05:28,389 - Common.py[line:79] - INFO: 'NoneType' object has no attribute 'span'
2019-03-11 19:06:22,856 - Common.py[line:77] - INFO: 失败原因：
2019-03-11 19:06:22,857 - Common.py[line:78] - INFO: 'NoneType' object has no attribute 'span'
2019-03-12 10:17:29,987 - Common.py[line:71] - INFO: 失败原因：
2019-03-12 10:17:30,018 - Common.py[line:72] - INFO: No engine for filetype: ''
2019-03-12 10:38:55,461 - Common.py[line:57] - INFO: 失败原因：
2019-03-12 10:38:55,527 - Common.py[line:58] - INFO: Wrong number of items passed 0, placement implies 1
2019-03-12 11:01:28,128 - Common.py[line:126] - INFO: 失败原因：
2019-03-12 11:01:28,144 - Common.py[line:127] - INFO: 'NoneType' object has no attribute 'group'
2019-03-12 11:02:09,921 - Common.py[line:126] - INFO: 失败原因：
2019-03-12 11:02:09,921 - Common.py[line:127] - INFO: 'NoneType' object has no attribute 'group'
2019-03-12 17:11:52,327 - Common.py[line:114] - INFO: 失败原因：
2019-03-12 17:11:52,327 - Common.py[line:114] - INFO: 失败原因：
2019-03-12 17:11:52,358 - Common.py[line:115] - INFO: 'NoneType' object has no attribute 'group'
2019-03-12 17:11:52,358 - Common.py[line:115] - INFO: 'NoneType' object has no attribute 'group'
2019-03-12 17:13:16,867 - Common.py[line:114] - INFO: 失败原因：
2019-03-12 17:13:16,867 - Common.py[line:114] - INFO: 失败原因：
2019-03-12 17:13:16,867 - Common.py[line:115] - INFO: 'NoneType' object has no attribute 'group'
2019-03-12 17:13:16,867 - Common.py[line:115] - INFO: 'NoneType' object has no attribute 'group'
2019-03-12 17:16:45,481 - Common.py[line:114] - INFO: 失败原因：
2019-03-12 17:16:45,481 - Common.py[line:114] - INFO: 失败原因：
2019-03-12 17:16:45,481 - Common.py[line:115] - INFO: 'NoneType' object has no attribute 'group'
2019-03-12 17:16:45,481 - Common.py[line:115] - INFO: 'NoneType' object has no attribute 'group'
